train.py 2019-01-19 11:33:25	Batch size for step1 is:	32
train.py 2019-01-19 11:33:25	Batch size for step2 is:	6
train.py 2019-01-19 11:33:25	Initial learn rate is:	0.001000
data.py 2019-01-19 11:33:25	The number of image for train is:                 16551
data.py 2019-01-19 11:33:25	The number of image for test is:                  4952
train.py 2019-01-19 11:33:27	Load weights:
train.py 2019-01-19 11:33:27	darknet/conv0/weight
train.py 2019-01-19 11:33:27	darknet/conv0/batch_normalization/scale
train.py 2019-01-19 11:33:27	darknet/conv0/batch_normalization/shift
train.py 2019-01-19 11:33:27	darknet/conv0/batch_normalization/moving_mean
train.py 2019-01-19 11:33:27	darknet/conv0/batch_normalization/moving_var
train.py 2019-01-19 11:33:27	darknet/conv1/weight
train.py 2019-01-19 11:33:27	darknet/conv1/batch_normalization/scale
train.py 2019-01-19 11:33:27	darknet/conv1/batch_normalization/shift
train.py 2019-01-19 11:33:27	darknet/conv1/batch_normalization/moving_mean
train.py 2019-01-19 11:33:27	darknet/conv1/batch_normalization/moving_var
train.py 2019-01-19 11:33:27	darknet/residual0/conv1/weight
train.py 2019-01-19 11:33:27	darknet/residual0/conv1/batch_normalization/scale
train.py 2019-01-19 11:33:27	darknet/residual0/conv1/batch_normalization/shift
train.py 2019-01-19 11:33:27	darknet/residual0/conv1/batch_normalization/moving_mean
train.py 2019-01-19 11:33:27	darknet/residual0/conv1/batch_normalization/moving_var
train.py 2019-01-19 11:33:27	darknet/residual0/conv2/weight
train.py 2019-01-19 11:33:27	darknet/residual0/conv2/batch_normalization/scale
train.py 2019-01-19 11:33:27	darknet/residual0/conv2/batch_normalization/shift
train.py 2019-01-19 11:33:27	darknet/residual0/conv2/batch_normalization/moving_mean
train.py 2019-01-19 11:33:27	darknet/residual0/conv2/batch_normalization/moving_var
train.py 2019-01-19 11:33:27	darknet/conv4/weight
train.py 2019-01-19 11:33:27	darknet/conv4/batch_normalization/scale
train.py 2019-01-19 11:33:27	darknet/conv4/batch_normalization/shift
train.py 2019-01-19 11:33:27	darknet/conv4/batch_normalization/moving_mean
train.py 2019-01-19 11:33:27	darknet/conv4/batch_normalization/moving_var
train.py 2019-01-19 11:33:27	darknet/residual1/conv1/weight
train.py 2019-01-19 11:33:27	darknet/residual1/conv1/batch_normalization/scale
train.py 2019-01-19 11:33:27	darknet/residual1/conv1/batch_normalization/shift
train.py 2019-01-19 11:33:27	darknet/residual1/conv1/batch_normalization/moving_mean
train.py 2019-01-19 11:33:27	darknet/residual1/conv1/batch_normalization/moving_var
train.py 2019-01-19 11:33:27	darknet/residual1/conv2/weight
train.py 2019-01-19 11:33:27	darknet/residual1/conv2/batch_normalization/scale
train.py 2019-01-19 11:33:27	darknet/residual1/conv2/batch_normalization/shift
train.py 2019-01-19 11:33:27	darknet/residual1/conv2/batch_normalization/moving_mean
train.py 2019-01-19 11:33:27	darknet/residual1/conv2/batch_normalization/moving_var
train.py 2019-01-19 11:33:27	darknet/residual2/conv1/weight
train.py 2019-01-19 11:33:27	darknet/residual2/conv1/batch_normalization/scale
train.py 2019-01-19 11:33:27	darknet/residual2/conv1/batch_normalization/shift
train.py 2019-01-19 11:33:27	darknet/residual2/conv1/batch_normalization/moving_mean
train.py 2019-01-19 11:33:27	darknet/residual2/conv1/batch_normalization/moving_var
train.py 2019-01-19 11:33:27	darknet/residual2/conv2/weight
train.py 2019-01-19 11:33:27	darknet/residual2/conv2/batch_normalization/scale
train.py 2019-01-19 11:33:27	darknet/residual2/conv2/batch_normalization/shift
train.py 2019-01-19 11:33:27	darknet/residual2/conv2/batch_normalization/moving_mean
train.py 2019-01-19 11:33:27	darknet/residual2/conv2/batch_normalization/moving_var
train.py 2019-01-19 11:33:27	darknet/conv9/weight
train.py 2019-01-19 11:33:27	darknet/conv9/batch_normalization/scale
train.py 2019-01-19 11:33:27	darknet/conv9/batch_normalization/shift
train.py 2019-01-19 11:33:27	darknet/conv9/batch_normalization/moving_mean
train.py 2019-01-19 11:33:27	darknet/conv9/batch_normalization/moving_var
train.py 2019-01-19 11:33:27	darknet/residual3/conv1/weight
train.py 2019-01-19 11:33:27	darknet/residual3/conv1/batch_normalization/scale
train.py 2019-01-19 11:33:27	darknet/residual3/conv1/batch_normalization/shift
train.py 2019-01-19 11:33:27	darknet/residual3/conv1/batch_normalization/moving_mean
train.py 2019-01-19 11:33:27	darknet/residual3/conv1/batch_normalization/moving_var
train.py 2019-01-19 11:33:27	darknet/residual3/conv2/weight
train.py 2019-01-19 11:33:27	darknet/residual3/conv2/batch_normalization/scale
train.py 2019-01-19 11:33:27	darknet/residual3/conv2/batch_normalization/shift
train.py 2019-01-19 11:33:27	darknet/residual3/conv2/batch_normalization/moving_mean
train.py 2019-01-19 11:33:27	darknet/residual3/conv2/batch_normalization/moving_var
train.py 2019-01-19 11:33:27	darknet/residual4/conv1/weight
train.py 2019-01-19 11:33:27	darknet/residual4/conv1/batch_normalization/scale
train.py 2019-01-19 11:33:27	darknet/residual4/conv1/batch_normalization/shift
train.py 2019-01-19 11:33:27	darknet/residual4/conv1/batch_normalization/moving_mean
train.py 2019-01-19 11:33:27	darknet/residual4/conv1/batch_normalization/moving_var
train.py 2019-01-19 11:33:27	darknet/residual4/conv2/weight
train.py 2019-01-19 11:33:27	darknet/residual4/conv2/batch_normalization/scale
train.py 2019-01-19 11:33:27	darknet/residual4/conv2/batch_normalization/shift
train.py 2019-01-19 11:33:27	darknet/residual4/conv2/batch_normalization/moving_mean
train.py 2019-01-19 11:33:27	darknet/residual4/conv2/batch_normalization/moving_var
train.py 2019-01-19 11:33:27	darknet/residual5/conv1/weight
train.py 2019-01-19 11:33:27	darknet/residual5/conv1/batch_normalization/scale
train.py 2019-01-19 11:33:27	darknet/residual5/conv1/batch_normalization/shift
train.py 2019-01-19 11:33:27	darknet/residual5/conv1/batch_normalization/moving_mean
train.py 2019-01-19 11:33:27	darknet/residual5/conv1/batch_normalization/moving_var
train.py 2019-01-19 11:33:27	darknet/residual5/conv2/weight
train.py 2019-01-19 11:33:27	darknet/residual5/conv2/batch_normalization/scale
train.py 2019-01-19 11:33:27	darknet/residual5/conv2/batch_normalization/shift
train.py 2019-01-19 11:33:27	darknet/residual5/conv2/batch_normalization/moving_mean
train.py 2019-01-19 11:33:27	darknet/residual5/conv2/batch_normalization/moving_var
train.py 2019-01-19 11:33:27	darknet/residual6/conv1/weight
train.py 2019-01-19 11:33:27	darknet/residual6/conv1/batch_normalization/scale
train.py 2019-01-19 11:33:27	darknet/residual6/conv1/batch_normalization/shift
train.py 2019-01-19 11:33:27	darknet/residual6/conv1/batch_normalization/moving_mean
train.py 2019-01-19 11:33:27	darknet/residual6/conv1/batch_normalization/moving_var
train.py 2019-01-19 11:33:27	darknet/residual6/conv2/weight
train.py 2019-01-19 11:33:27	darknet/residual6/conv2/batch_normalization/scale
train.py 2019-01-19 11:33:27	darknet/residual6/conv2/batch_normalization/shift
train.py 2019-01-19 11:33:27	darknet/residual6/conv2/batch_normalization/moving_mean
train.py 2019-01-19 11:33:27	darknet/residual6/conv2/batch_normalization/moving_var
train.py 2019-01-19 11:33:27	darknet/residual7/conv1/weight
train.py 2019-01-19 11:33:27	darknet/residual7/conv1/batch_normalization/scale
train.py 2019-01-19 11:33:27	darknet/residual7/conv1/batch_normalization/shift
train.py 2019-01-19 11:33:27	darknet/residual7/conv1/batch_normalization/moving_mean
train.py 2019-01-19 11:33:27	darknet/residual7/conv1/batch_normalization/moving_var
train.py 2019-01-19 11:33:27	darknet/residual7/conv2/weight
train.py 2019-01-19 11:33:27	darknet/residual7/conv2/batch_normalization/scale
train.py 2019-01-19 11:33:27	darknet/residual7/conv2/batch_normalization/shift
train.py 2019-01-19 11:33:27	darknet/residual7/conv2/batch_normalization/moving_mean
train.py 2019-01-19 11:33:27	darknet/residual7/conv2/batch_normalization/moving_var
train.py 2019-01-19 11:33:27	darknet/residual8/conv1/weight
train.py 2019-01-19 11:33:27	darknet/residual8/conv1/batch_normalization/scale
train.py 2019-01-19 11:33:27	darknet/residual8/conv1/batch_normalization/shift
train.py 2019-01-19 11:33:27	darknet/residual8/conv1/batch_normalization/moving_mean
train.py 2019-01-19 11:33:27	darknet/residual8/conv1/batch_normalization/moving_var
train.py 2019-01-19 11:33:27	darknet/residual8/conv2/weight
train.py 2019-01-19 11:33:27	darknet/residual8/conv2/batch_normalization/scale
train.py 2019-01-19 11:33:27	darknet/residual8/conv2/batch_normalization/shift
train.py 2019-01-19 11:33:27	darknet/residual8/conv2/batch_normalization/moving_mean
train.py 2019-01-19 11:33:27	darknet/residual8/conv2/batch_normalization/moving_var
train.py 2019-01-19 11:33:27	darknet/residual9/conv1/weight
train.py 2019-01-19 11:33:27	darknet/residual9/conv1/batch_normalization/scale
train.py 2019-01-19 11:33:27	darknet/residual9/conv1/batch_normalization/shift
train.py 2019-01-19 11:33:27	darknet/residual9/conv1/batch_normalization/moving_mean
train.py 2019-01-19 11:33:27	darknet/residual9/conv1/batch_normalization/moving_var
train.py 2019-01-19 11:33:27	darknet/residual9/conv2/weight
train.py 2019-01-19 11:33:27	darknet/residual9/conv2/batch_normalization/scale
train.py 2019-01-19 11:33:27	darknet/residual9/conv2/batch_normalization/shift
train.py 2019-01-19 11:33:27	darknet/residual9/conv2/batch_normalization/moving_mean
train.py 2019-01-19 11:33:27	darknet/residual9/conv2/batch_normalization/moving_var
train.py 2019-01-19 11:33:27	darknet/residual10/conv1/weight
train.py 2019-01-19 11:33:27	darknet/residual10/conv1/batch_normalization/scale
train.py 2019-01-19 11:33:27	darknet/residual10/conv1/batch_normalization/shift
train.py 2019-01-19 11:33:27	darknet/residual10/conv1/batch_normalization/moving_mean
train.py 2019-01-19 11:33:27	darknet/residual10/conv1/batch_normalization/moving_var
train.py 2019-01-19 11:33:27	darknet/residual10/conv2/weight
train.py 2019-01-19 11:33:27	darknet/residual10/conv2/batch_normalization/scale
train.py 2019-01-19 11:33:27	darknet/residual10/conv2/batch_normalization/shift
train.py 2019-01-19 11:33:27	darknet/residual10/conv2/batch_normalization/moving_mean
train.py 2019-01-19 11:33:27	darknet/residual10/conv2/batch_normalization/moving_var
train.py 2019-01-19 11:33:27	darknet/conv26/weight
train.py 2019-01-19 11:33:27	darknet/conv26/batch_normalization/scale
train.py 2019-01-19 11:33:27	darknet/conv26/batch_normalization/shift
train.py 2019-01-19 11:33:27	darknet/conv26/batch_normalization/moving_mean
train.py 2019-01-19 11:33:27	darknet/conv26/batch_normalization/moving_var
train.py 2019-01-19 11:33:27	darknet/residual11/conv1/weight
train.py 2019-01-19 11:33:27	darknet/residual11/conv1/batch_normalization/scale
train.py 2019-01-19 11:33:27	darknet/residual11/conv1/batch_normalization/shift
train.py 2019-01-19 11:33:27	darknet/residual11/conv1/batch_normalization/moving_mean
train.py 2019-01-19 11:33:27	darknet/residual11/conv1/batch_normalization/moving_var
train.py 2019-01-19 11:33:27	darknet/residual11/conv2/weight
train.py 2019-01-19 11:33:27	darknet/residual11/conv2/batch_normalization/scale
train.py 2019-01-19 11:33:27	darknet/residual11/conv2/batch_normalization/shift
train.py 2019-01-19 11:33:27	darknet/residual11/conv2/batch_normalization/moving_mean
train.py 2019-01-19 11:33:27	darknet/residual11/conv2/batch_normalization/moving_var
train.py 2019-01-19 11:33:27	darknet/residual12/conv1/weight
train.py 2019-01-19 11:33:27	darknet/residual12/conv1/batch_normalization/scale
train.py 2019-01-19 11:33:27	darknet/residual12/conv1/batch_normalization/shift
train.py 2019-01-19 11:33:27	darknet/residual12/conv1/batch_normalization/moving_mean
train.py 2019-01-19 11:33:27	darknet/residual12/conv1/batch_normalization/moving_var
train.py 2019-01-19 11:33:27	darknet/residual12/conv2/weight
train.py 2019-01-19 11:33:27	darknet/residual12/conv2/batch_normalization/scale
train.py 2019-01-19 11:33:27	darknet/residual12/conv2/batch_normalization/shift
train.py 2019-01-19 11:33:27	darknet/residual12/conv2/batch_normalization/moving_mean
train.py 2019-01-19 11:33:27	darknet/residual12/conv2/batch_normalization/moving_var
train.py 2019-01-19 11:33:27	darknet/residual13/conv1/weight
train.py 2019-01-19 11:33:27	darknet/residual13/conv1/batch_normalization/scale
train.py 2019-01-19 11:33:27	darknet/residual13/conv1/batch_normalization/shift
train.py 2019-01-19 11:33:27	darknet/residual13/conv1/batch_normalization/moving_mean
train.py 2019-01-19 11:33:27	darknet/residual13/conv1/batch_normalization/moving_var
train.py 2019-01-19 11:33:27	darknet/residual13/conv2/weight
train.py 2019-01-19 11:33:27	darknet/residual13/conv2/batch_normalization/scale
train.py 2019-01-19 11:33:27	darknet/residual13/conv2/batch_normalization/shift
train.py 2019-01-19 11:33:27	darknet/residual13/conv2/batch_normalization/moving_mean
train.py 2019-01-19 11:33:27	darknet/residual13/conv2/batch_normalization/moving_var
train.py 2019-01-19 11:33:27	darknet/residual14/conv1/weight
train.py 2019-01-19 11:33:27	darknet/residual14/conv1/batch_normalization/scale
train.py 2019-01-19 11:33:27	darknet/residual14/conv1/batch_normalization/shift
train.py 2019-01-19 11:33:27	darknet/residual14/conv1/batch_normalization/moving_mean
train.py 2019-01-19 11:33:27	darknet/residual14/conv1/batch_normalization/moving_var
train.py 2019-01-19 11:33:27	darknet/residual14/conv2/weight
train.py 2019-01-19 11:33:27	darknet/residual14/conv2/batch_normalization/scale
train.py 2019-01-19 11:33:27	darknet/residual14/conv2/batch_normalization/shift
train.py 2019-01-19 11:33:27	darknet/residual14/conv2/batch_normalization/moving_mean
train.py 2019-01-19 11:33:27	darknet/residual14/conv2/batch_normalization/moving_var
train.py 2019-01-19 11:33:27	darknet/residual15/conv1/weight
train.py 2019-01-19 11:33:27	darknet/residual15/conv1/batch_normalization/scale
train.py 2019-01-19 11:33:27	darknet/residual15/conv1/batch_normalization/shift
train.py 2019-01-19 11:33:27	darknet/residual15/conv1/batch_normalization/moving_mean
train.py 2019-01-19 11:33:27	darknet/residual15/conv1/batch_normalization/moving_var
train.py 2019-01-19 11:33:27	darknet/residual15/conv2/weight
train.py 2019-01-19 11:33:27	darknet/residual15/conv2/batch_normalization/scale
train.py 2019-01-19 11:33:27	darknet/residual15/conv2/batch_normalization/shift
train.py 2019-01-19 11:33:27	darknet/residual15/conv2/batch_normalization/moving_mean
train.py 2019-01-19 11:33:27	darknet/residual15/conv2/batch_normalization/moving_var
train.py 2019-01-19 11:33:27	darknet/residual16/conv1/weight
train.py 2019-01-19 11:33:27	darknet/residual16/conv1/batch_normalization/scale
train.py 2019-01-19 11:33:27	darknet/residual16/conv1/batch_normalization/shift
train.py 2019-01-19 11:33:27	darknet/residual16/conv1/batch_normalization/moving_mean
train.py 2019-01-19 11:33:27	darknet/residual16/conv1/batch_normalization/moving_var
train.py 2019-01-19 11:33:27	darknet/residual16/conv2/weight
train.py 2019-01-19 11:33:27	darknet/residual16/conv2/batch_normalization/scale
train.py 2019-01-19 11:33:27	darknet/residual16/conv2/batch_normalization/shift
train.py 2019-01-19 11:33:27	darknet/residual16/conv2/batch_normalization/moving_mean
train.py 2019-01-19 11:33:27	darknet/residual16/conv2/batch_normalization/moving_var
train.py 2019-01-19 11:33:27	darknet/residual17/conv1/weight
train.py 2019-01-19 11:33:27	darknet/residual17/conv1/batch_normalization/scale
train.py 2019-01-19 11:33:27	darknet/residual17/conv1/batch_normalization/shift
train.py 2019-01-19 11:33:27	darknet/residual17/conv1/batch_normalization/moving_mean
train.py 2019-01-19 11:33:27	darknet/residual17/conv1/batch_normalization/moving_var
train.py 2019-01-19 11:33:27	darknet/residual17/conv2/weight
train.py 2019-01-19 11:33:27	darknet/residual17/conv2/batch_normalization/scale
train.py 2019-01-19 11:33:27	darknet/residual17/conv2/batch_normalization/shift
train.py 2019-01-19 11:33:27	darknet/residual17/conv2/batch_normalization/moving_mean
train.py 2019-01-19 11:33:27	darknet/residual17/conv2/batch_normalization/moving_var
train.py 2019-01-19 11:33:27	darknet/residual18/conv1/weight
train.py 2019-01-19 11:33:27	darknet/residual18/conv1/batch_normalization/scale
train.py 2019-01-19 11:33:27	darknet/residual18/conv1/batch_normalization/shift
train.py 2019-01-19 11:33:27	darknet/residual18/conv1/batch_normalization/moving_mean
train.py 2019-01-19 11:33:27	darknet/residual18/conv1/batch_normalization/moving_var
train.py 2019-01-19 11:33:27	darknet/residual18/conv2/weight
train.py 2019-01-19 11:33:27	darknet/residual18/conv2/batch_normalization/scale
train.py 2019-01-19 11:33:27	darknet/residual18/conv2/batch_normalization/shift
train.py 2019-01-19 11:33:27	darknet/residual18/conv2/batch_normalization/moving_mean
train.py 2019-01-19 11:33:27	darknet/residual18/conv2/batch_normalization/moving_var
train.py 2019-01-19 11:33:27	darknet/conv43/weight
train.py 2019-01-19 11:33:27	darknet/conv43/batch_normalization/scale
train.py 2019-01-19 11:33:27	darknet/conv43/batch_normalization/shift
train.py 2019-01-19 11:33:27	darknet/conv43/batch_normalization/moving_mean
train.py 2019-01-19 11:33:27	darknet/conv43/batch_normalization/moving_var
train.py 2019-01-19 11:33:27	darknet/residual19/conv1/weight
train.py 2019-01-19 11:33:27	darknet/residual19/conv1/batch_normalization/scale
train.py 2019-01-19 11:33:27	darknet/residual19/conv1/batch_normalization/shift
train.py 2019-01-19 11:33:27	darknet/residual19/conv1/batch_normalization/moving_mean
train.py 2019-01-19 11:33:27	darknet/residual19/conv1/batch_normalization/moving_var
train.py 2019-01-19 11:33:27	darknet/residual19/conv2/weight
train.py 2019-01-19 11:33:27	darknet/residual19/conv2/batch_normalization/scale
train.py 2019-01-19 11:33:27	darknet/residual19/conv2/batch_normalization/shift
train.py 2019-01-19 11:33:27	darknet/residual19/conv2/batch_normalization/moving_mean
train.py 2019-01-19 11:33:27	darknet/residual19/conv2/batch_normalization/moving_var
train.py 2019-01-19 11:33:27	darknet/residual20/conv1/weight
train.py 2019-01-19 11:33:27	darknet/residual20/conv1/batch_normalization/scale
train.py 2019-01-19 11:33:27	darknet/residual20/conv1/batch_normalization/shift
train.py 2019-01-19 11:33:27	darknet/residual20/conv1/batch_normalization/moving_mean
train.py 2019-01-19 11:33:27	darknet/residual20/conv1/batch_normalization/moving_var
train.py 2019-01-19 11:33:27	darknet/residual20/conv2/weight
train.py 2019-01-19 11:33:27	darknet/residual20/conv2/batch_normalization/scale
train.py 2019-01-19 11:33:27	darknet/residual20/conv2/batch_normalization/shift
train.py 2019-01-19 11:33:27	darknet/residual20/conv2/batch_normalization/moving_mean
train.py 2019-01-19 11:33:27	darknet/residual20/conv2/batch_normalization/moving_var
train.py 2019-01-19 11:33:27	darknet/residual21/conv1/weight
train.py 2019-01-19 11:33:27	darknet/residual21/conv1/batch_normalization/scale
train.py 2019-01-19 11:33:27	darknet/residual21/conv1/batch_normalization/shift
train.py 2019-01-19 11:33:27	darknet/residual21/conv1/batch_normalization/moving_mean
train.py 2019-01-19 11:33:27	darknet/residual21/conv1/batch_normalization/moving_var
train.py 2019-01-19 11:33:27	darknet/residual21/conv2/weight
train.py 2019-01-19 11:33:27	darknet/residual21/conv2/batch_normalization/scale
train.py 2019-01-19 11:33:27	darknet/residual21/conv2/batch_normalization/shift
train.py 2019-01-19 11:33:27	darknet/residual21/conv2/batch_normalization/moving_mean
train.py 2019-01-19 11:33:27	darknet/residual21/conv2/batch_normalization/moving_var
train.py 2019-01-19 11:33:27	darknet/residual22/conv1/weight
train.py 2019-01-19 11:33:27	darknet/residual22/conv1/batch_normalization/scale
train.py 2019-01-19 11:33:27	darknet/residual22/conv1/batch_normalization/shift
train.py 2019-01-19 11:33:27	darknet/residual22/conv1/batch_normalization/moving_mean
train.py 2019-01-19 11:33:27	darknet/residual22/conv1/batch_normalization/moving_var
train.py 2019-01-19 11:33:27	darknet/residual22/conv2/weight
train.py 2019-01-19 11:33:27	darknet/residual22/conv2/batch_normalization/scale
train.py 2019-01-19 11:33:27	darknet/residual22/conv2/batch_normalization/shift
train.py 2019-01-19 11:33:27	darknet/residual22/conv2/batch_normalization/moving_mean
train.py 2019-01-19 11:33:27	darknet/residual22/conv2/batch_normalization/moving_var
train.py 2019-01-19 11:33:27	conv52/weight
train.py 2019-01-19 11:33:27	conv52/batch_normalization/scale
train.py 2019-01-19 11:33:27	conv52/batch_normalization/shift
train.py 2019-01-19 11:33:27	conv52/batch_normalization/moving_mean
train.py 2019-01-19 11:33:27	conv52/batch_normalization/moving_var
train.py 2019-01-19 11:33:27	conv53/weight
train.py 2019-01-19 11:33:27	conv53/batch_normalization/scale
train.py 2019-01-19 11:33:27	conv53/batch_normalization/shift
train.py 2019-01-19 11:33:27	conv53/batch_normalization/moving_mean
train.py 2019-01-19 11:33:27	conv53/batch_normalization/moving_var
train.py 2019-01-19 11:33:27	conv54/weight
train.py 2019-01-19 11:33:27	conv54/batch_normalization/scale
train.py 2019-01-19 11:33:27	conv54/batch_normalization/shift
train.py 2019-01-19 11:33:27	conv54/batch_normalization/moving_mean
train.py 2019-01-19 11:33:27	conv54/batch_normalization/moving_var
train.py 2019-01-19 11:33:27	conv55/weight
train.py 2019-01-19 11:33:27	conv55/batch_normalization/scale
train.py 2019-01-19 11:33:27	conv55/batch_normalization/shift
train.py 2019-01-19 11:33:27	conv55/batch_normalization/moving_mean
train.py 2019-01-19 11:33:27	conv55/batch_normalization/moving_var
train.py 2019-01-19 11:33:27	conv56/weight
train.py 2019-01-19 11:33:27	conv56/batch_normalization/scale
train.py 2019-01-19 11:33:27	conv56/batch_normalization/shift
train.py 2019-01-19 11:33:27	conv56/batch_normalization/moving_mean
train.py 2019-01-19 11:33:27	conv56/batch_normalization/moving_var
train.py 2019-01-19 11:33:27	conv_lobj_branch/weight
train.py 2019-01-19 11:33:27	conv_lobj_branch/batch_normalization/scale
train.py 2019-01-19 11:33:27	conv_lobj_branch/batch_normalization/shift
train.py 2019-01-19 11:33:27	conv_lobj_branch/batch_normalization/moving_mean
train.py 2019-01-19 11:33:27	conv_lobj_branch/batch_normalization/moving_var
train.py 2019-01-19 11:33:27	conv_lbbox/weight
train.py 2019-01-19 11:33:27	conv_lbbox/bias
train.py 2019-01-19 11:33:27	conv57/weight
train.py 2019-01-19 11:33:27	conv57/batch_normalization/scale
train.py 2019-01-19 11:33:27	conv57/batch_normalization/shift
train.py 2019-01-19 11:33:27	conv57/batch_normalization/moving_mean
train.py 2019-01-19 11:33:27	conv57/batch_normalization/moving_var
train.py 2019-01-19 11:33:27	conv58/weight
train.py 2019-01-19 11:33:27	conv58/batch_normalization/scale
train.py 2019-01-19 11:33:27	conv58/batch_normalization/shift
train.py 2019-01-19 11:33:27	conv58/batch_normalization/moving_mean
train.py 2019-01-19 11:33:27	conv58/batch_normalization/moving_var
train.py 2019-01-19 11:33:27	conv59/weight
train.py 2019-01-19 11:33:27	conv59/batch_normalization/scale
train.py 2019-01-19 11:33:27	conv59/batch_normalization/shift
train.py 2019-01-19 11:33:27	conv59/batch_normalization/moving_mean
train.py 2019-01-19 11:33:27	conv59/batch_normalization/moving_var
train.py 2019-01-19 11:33:27	conv60/weight
train.py 2019-01-19 11:33:27	conv60/batch_normalization/scale
train.py 2019-01-19 11:33:27	conv60/batch_normalization/shift
train.py 2019-01-19 11:33:27	conv60/batch_normalization/moving_mean
train.py 2019-01-19 11:33:27	conv60/batch_normalization/moving_var
train.py 2019-01-19 11:33:27	conv61/weight
train.py 2019-01-19 11:33:27	conv61/batch_normalization/scale
train.py 2019-01-19 11:33:27	conv61/batch_normalization/shift
train.py 2019-01-19 11:33:27	conv61/batch_normalization/moving_mean
train.py 2019-01-19 11:33:27	conv61/batch_normalization/moving_var
train.py 2019-01-19 11:33:27	conv62/weight
train.py 2019-01-19 11:33:27	conv62/batch_normalization/scale
train.py 2019-01-19 11:33:27	conv62/batch_normalization/shift
train.py 2019-01-19 11:33:27	conv62/batch_normalization/moving_mean
train.py 2019-01-19 11:33:27	conv62/batch_normalization/moving_var
train.py 2019-01-19 11:33:27	conv_mobj_branch/weight
train.py 2019-01-19 11:33:27	conv_mobj_branch/batch_normalization/scale
train.py 2019-01-19 11:33:27	conv_mobj_branch/batch_normalization/shift
train.py 2019-01-19 11:33:27	conv_mobj_branch/batch_normalization/moving_mean
train.py 2019-01-19 11:33:27	conv_mobj_branch/batch_normalization/moving_var
train.py 2019-01-19 11:33:27	conv_mbbox/weight
train.py 2019-01-19 11:33:27	conv_mbbox/bias
train.py 2019-01-19 11:33:27	conv63/weight
train.py 2019-01-19 11:33:27	conv63/batch_normalization/scale
train.py 2019-01-19 11:33:27	conv63/batch_normalization/shift
train.py 2019-01-19 11:33:27	conv63/batch_normalization/moving_mean
train.py 2019-01-19 11:33:27	conv63/batch_normalization/moving_var
train.py 2019-01-19 11:33:27	conv64/weight
train.py 2019-01-19 11:33:27	conv64/batch_normalization/scale
train.py 2019-01-19 11:33:27	conv64/batch_normalization/shift
train.py 2019-01-19 11:33:27	conv64/batch_normalization/moving_mean
train.py 2019-01-19 11:33:27	conv64/batch_normalization/moving_var
train.py 2019-01-19 11:33:27	conv65/weight
train.py 2019-01-19 11:33:27	conv65/batch_normalization/scale
train.py 2019-01-19 11:33:27	conv65/batch_normalization/shift
train.py 2019-01-19 11:33:27	conv65/batch_normalization/moving_mean
train.py 2019-01-19 11:33:27	conv65/batch_normalization/moving_var
train.py 2019-01-19 11:33:27	conv66/weight
train.py 2019-01-19 11:33:27	conv66/batch_normalization/scale
train.py 2019-01-19 11:33:27	conv66/batch_normalization/shift
train.py 2019-01-19 11:33:27	conv66/batch_normalization/moving_mean
train.py 2019-01-19 11:33:27	conv66/batch_normalization/moving_var
train.py 2019-01-19 11:33:27	conv67/weight
train.py 2019-01-19 11:33:27	conv67/batch_normalization/scale
train.py 2019-01-19 11:33:27	conv67/batch_normalization/shift
train.py 2019-01-19 11:33:27	conv67/batch_normalization/moving_mean
train.py 2019-01-19 11:33:27	conv67/batch_normalization/moving_var
train.py 2019-01-19 11:33:27	conv68/weight
train.py 2019-01-19 11:33:27	conv68/batch_normalization/scale
train.py 2019-01-19 11:33:27	conv68/batch_normalization/shift
train.py 2019-01-19 11:33:27	conv68/batch_normalization/moving_mean
train.py 2019-01-19 11:33:27	conv68/batch_normalization/moving_var
train.py 2019-01-19 11:33:27	conv_sobj_branch/weight
train.py 2019-01-19 11:33:27	conv_sobj_branch/batch_normalization/scale
train.py 2019-01-19 11:33:27	conv_sobj_branch/batch_normalization/shift
train.py 2019-01-19 11:33:27	conv_sobj_branch/batch_normalization/moving_mean
train.py 2019-01-19 11:33:27	conv_sobj_branch/batch_normalization/moving_var
train.py 2019-01-19 11:33:27	conv_sbbox/weight
train.py 2019-01-19 11:33:27	conv_sbbox/bias
train.py 2019-01-19 11:33:41	Default trian step0 is freeze the weight of darknet
train.py 2019-01-19 11:33:41		conv_lbbox/weight                                 (1, 1, 1024, 75)
train.py 2019-01-19 11:33:41		conv_lbbox/bias                                   (75,)
train.py 2019-01-19 11:33:41		conv_mbbox/weight                                 (1, 1, 512, 75)
train.py 2019-01-19 11:33:41		conv_mbbox/bias                                   (75,)
train.py 2019-01-19 11:33:41		conv_sbbox/weight                                 (1, 1, 256, 75)
train.py 2019-01-19 11:33:41		conv_sbbox/bias                                   (75,)
train.py 2019-01-19 11:33:49	Restoring weights from:	 weights/voc_fine_tune_initial.ckpt
tf_logging.py 2019-01-19 11:33:49	Restoring parameters from weights/voc_fine_tune_initial.ckpt
train.py 2019-01-19 11:34:58	Period:	0	step:	50	train loss:	52.3991
train.py 2019-01-19 11:35:45	Period:	0	step:	101	train loss:	5.0212
train.py 2019-01-19 11:36:42	Period:	0	step:	152	train loss:	4.0881
train.py 2019-01-19 11:37:38	Period:	0	step:	203	train loss:	3.8576
train.py 2019-01-19 11:38:29	Period:	0	step:	254	train loss:	3.4995
train.py 2019-01-19 11:39:19	Period:	0	step:	305	train loss:	3.3777
train.py 2019-01-19 11:40:20	Period:	0	step:	356	train loss:	3.1616
train.py 2019-01-19 11:41:19	Period:	0	step:	407	train loss:	3.1728
train.py 2019-01-19 11:42:04	Period:	0	step:	458	train loss:	3.1015
train.py 2019-01-19 11:43:08	Period:	0	step:	509	train loss:	2.8672
