train.py 2019-01-11 10:27:16	Batch size is:	32
train.py 2019-01-11 10:27:16	Initial learn rate is:	0.001000
data.py 2019-01-11 10:27:16	The number of image for train is:                 16551
data.py 2019-01-11 10:27:17	The number of image for test is:                  4952
train.py 2019-01-11 10:27:19	Load weights:
train.py 2019-01-11 10:27:19	darknet/conv0/weight
train.py 2019-01-11 10:27:19	darknet/conv0/batch_normalization/scale
train.py 2019-01-11 10:27:19	darknet/conv0/batch_normalization/shift
train.py 2019-01-11 10:27:19	darknet/conv0/batch_normalization/moving_mean
train.py 2019-01-11 10:27:19	darknet/conv0/batch_normalization/moving_var
train.py 2019-01-11 10:27:19	darknet/conv1/weight
train.py 2019-01-11 10:27:19	darknet/conv1/batch_normalization/scale
train.py 2019-01-11 10:27:19	darknet/conv1/batch_normalization/shift
train.py 2019-01-11 10:27:19	darknet/conv1/batch_normalization/moving_mean
train.py 2019-01-11 10:27:19	darknet/conv1/batch_normalization/moving_var
train.py 2019-01-11 10:27:19	darknet/residual0/conv1/weight
train.py 2019-01-11 10:27:19	darknet/residual0/conv1/batch_normalization/scale
train.py 2019-01-11 10:27:19	darknet/residual0/conv1/batch_normalization/shift
train.py 2019-01-11 10:27:19	darknet/residual0/conv1/batch_normalization/moving_mean
train.py 2019-01-11 10:27:19	darknet/residual0/conv1/batch_normalization/moving_var
train.py 2019-01-11 10:27:19	darknet/residual0/conv2/weight
train.py 2019-01-11 10:27:19	darknet/residual0/conv2/batch_normalization/scale
train.py 2019-01-11 10:27:19	darknet/residual0/conv2/batch_normalization/shift
train.py 2019-01-11 10:27:19	darknet/residual0/conv2/batch_normalization/moving_mean
train.py 2019-01-11 10:27:19	darknet/residual0/conv2/batch_normalization/moving_var
train.py 2019-01-11 10:27:19	darknet/conv4/weight
train.py 2019-01-11 10:27:19	darknet/conv4/batch_normalization/scale
train.py 2019-01-11 10:27:19	darknet/conv4/batch_normalization/shift
train.py 2019-01-11 10:27:19	darknet/conv4/batch_normalization/moving_mean
train.py 2019-01-11 10:27:19	darknet/conv4/batch_normalization/moving_var
train.py 2019-01-11 10:27:19	darknet/residual1/conv1/weight
train.py 2019-01-11 10:27:19	darknet/residual1/conv1/batch_normalization/scale
train.py 2019-01-11 10:27:19	darknet/residual1/conv1/batch_normalization/shift
train.py 2019-01-11 10:27:19	darknet/residual1/conv1/batch_normalization/moving_mean
train.py 2019-01-11 10:27:19	darknet/residual1/conv1/batch_normalization/moving_var
train.py 2019-01-11 10:27:19	darknet/residual1/conv2/weight
train.py 2019-01-11 10:27:19	darknet/residual1/conv2/batch_normalization/scale
train.py 2019-01-11 10:27:19	darknet/residual1/conv2/batch_normalization/shift
train.py 2019-01-11 10:27:19	darknet/residual1/conv2/batch_normalization/moving_mean
train.py 2019-01-11 10:27:19	darknet/residual1/conv2/batch_normalization/moving_var
train.py 2019-01-11 10:27:19	darknet/residual2/conv1/weight
train.py 2019-01-11 10:27:19	darknet/residual2/conv1/batch_normalization/scale
train.py 2019-01-11 10:27:19	darknet/residual2/conv1/batch_normalization/shift
train.py 2019-01-11 10:27:19	darknet/residual2/conv1/batch_normalization/moving_mean
train.py 2019-01-11 10:27:19	darknet/residual2/conv1/batch_normalization/moving_var
train.py 2019-01-11 10:27:19	darknet/residual2/conv2/weight
train.py 2019-01-11 10:27:19	darknet/residual2/conv2/batch_normalization/scale
train.py 2019-01-11 10:27:19	darknet/residual2/conv2/batch_normalization/shift
train.py 2019-01-11 10:27:19	darknet/residual2/conv2/batch_normalization/moving_mean
train.py 2019-01-11 10:27:19	darknet/residual2/conv2/batch_normalization/moving_var
train.py 2019-01-11 10:27:19	darknet/conv9/weight
train.py 2019-01-11 10:27:19	darknet/conv9/batch_normalization/scale
train.py 2019-01-11 10:27:19	darknet/conv9/batch_normalization/shift
train.py 2019-01-11 10:27:19	darknet/conv9/batch_normalization/moving_mean
train.py 2019-01-11 10:27:19	darknet/conv9/batch_normalization/moving_var
train.py 2019-01-11 10:27:19	darknet/residual3/conv1/weight
train.py 2019-01-11 10:27:19	darknet/residual3/conv1/batch_normalization/scale
train.py 2019-01-11 10:27:19	darknet/residual3/conv1/batch_normalization/shift
train.py 2019-01-11 10:27:19	darknet/residual3/conv1/batch_normalization/moving_mean
train.py 2019-01-11 10:27:19	darknet/residual3/conv1/batch_normalization/moving_var
train.py 2019-01-11 10:27:19	darknet/residual3/conv2/weight
train.py 2019-01-11 10:27:19	darknet/residual3/conv2/batch_normalization/scale
train.py 2019-01-11 10:27:19	darknet/residual3/conv2/batch_normalization/shift
train.py 2019-01-11 10:27:19	darknet/residual3/conv2/batch_normalization/moving_mean
train.py 2019-01-11 10:27:19	darknet/residual3/conv2/batch_normalization/moving_var
train.py 2019-01-11 10:27:19	darknet/residual4/conv1/weight
train.py 2019-01-11 10:27:19	darknet/residual4/conv1/batch_normalization/scale
train.py 2019-01-11 10:27:19	darknet/residual4/conv1/batch_normalization/shift
train.py 2019-01-11 10:27:19	darknet/residual4/conv1/batch_normalization/moving_mean
train.py 2019-01-11 10:27:19	darknet/residual4/conv1/batch_normalization/moving_var
train.py 2019-01-11 10:27:19	darknet/residual4/conv2/weight
train.py 2019-01-11 10:27:19	darknet/residual4/conv2/batch_normalization/scale
train.py 2019-01-11 10:27:19	darknet/residual4/conv2/batch_normalization/shift
train.py 2019-01-11 10:27:19	darknet/residual4/conv2/batch_normalization/moving_mean
train.py 2019-01-11 10:27:19	darknet/residual4/conv2/batch_normalization/moving_var
train.py 2019-01-11 10:27:19	darknet/residual5/conv1/weight
train.py 2019-01-11 10:27:19	darknet/residual5/conv1/batch_normalization/scale
train.py 2019-01-11 10:27:19	darknet/residual5/conv1/batch_normalization/shift
train.py 2019-01-11 10:27:19	darknet/residual5/conv1/batch_normalization/moving_mean
train.py 2019-01-11 10:27:19	darknet/residual5/conv1/batch_normalization/moving_var
train.py 2019-01-11 10:27:19	darknet/residual5/conv2/weight
train.py 2019-01-11 10:27:19	darknet/residual5/conv2/batch_normalization/scale
train.py 2019-01-11 10:27:19	darknet/residual5/conv2/batch_normalization/shift
train.py 2019-01-11 10:27:19	darknet/residual5/conv2/batch_normalization/moving_mean
train.py 2019-01-11 10:27:19	darknet/residual5/conv2/batch_normalization/moving_var
train.py 2019-01-11 10:27:19	darknet/residual6/conv1/weight
train.py 2019-01-11 10:27:19	darknet/residual6/conv1/batch_normalization/scale
train.py 2019-01-11 10:27:19	darknet/residual6/conv1/batch_normalization/shift
train.py 2019-01-11 10:27:19	darknet/residual6/conv1/batch_normalization/moving_mean
train.py 2019-01-11 10:27:19	darknet/residual6/conv1/batch_normalization/moving_var
train.py 2019-01-11 10:27:19	darknet/residual6/conv2/weight
train.py 2019-01-11 10:27:19	darknet/residual6/conv2/batch_normalization/scale
train.py 2019-01-11 10:27:19	darknet/residual6/conv2/batch_normalization/shift
train.py 2019-01-11 10:27:19	darknet/residual6/conv2/batch_normalization/moving_mean
train.py 2019-01-11 10:27:19	darknet/residual6/conv2/batch_normalization/moving_var
train.py 2019-01-11 10:27:19	darknet/residual7/conv1/weight
train.py 2019-01-11 10:27:19	darknet/residual7/conv1/batch_normalization/scale
train.py 2019-01-11 10:27:19	darknet/residual7/conv1/batch_normalization/shift
train.py 2019-01-11 10:27:19	darknet/residual7/conv1/batch_normalization/moving_mean
train.py 2019-01-11 10:27:19	darknet/residual7/conv1/batch_normalization/moving_var
train.py 2019-01-11 10:27:19	darknet/residual7/conv2/weight
train.py 2019-01-11 10:27:19	darknet/residual7/conv2/batch_normalization/scale
train.py 2019-01-11 10:27:19	darknet/residual7/conv2/batch_normalization/shift
train.py 2019-01-11 10:27:19	darknet/residual7/conv2/batch_normalization/moving_mean
train.py 2019-01-11 10:27:19	darknet/residual7/conv2/batch_normalization/moving_var
train.py 2019-01-11 10:27:19	darknet/residual8/conv1/weight
train.py 2019-01-11 10:27:19	darknet/residual8/conv1/batch_normalization/scale
train.py 2019-01-11 10:27:19	darknet/residual8/conv1/batch_normalization/shift
train.py 2019-01-11 10:27:19	darknet/residual8/conv1/batch_normalization/moving_mean
train.py 2019-01-11 10:27:19	darknet/residual8/conv1/batch_normalization/moving_var
train.py 2019-01-11 10:27:19	darknet/residual8/conv2/weight
train.py 2019-01-11 10:27:19	darknet/residual8/conv2/batch_normalization/scale
train.py 2019-01-11 10:27:19	darknet/residual8/conv2/batch_normalization/shift
train.py 2019-01-11 10:27:19	darknet/residual8/conv2/batch_normalization/moving_mean
train.py 2019-01-11 10:27:19	darknet/residual8/conv2/batch_normalization/moving_var
train.py 2019-01-11 10:27:19	darknet/residual9/conv1/weight
train.py 2019-01-11 10:27:19	darknet/residual9/conv1/batch_normalization/scale
train.py 2019-01-11 10:27:19	darknet/residual9/conv1/batch_normalization/shift
train.py 2019-01-11 10:27:19	darknet/residual9/conv1/batch_normalization/moving_mean
train.py 2019-01-11 10:27:19	darknet/residual9/conv1/batch_normalization/moving_var
train.py 2019-01-11 10:27:19	darknet/residual9/conv2/weight
train.py 2019-01-11 10:27:19	darknet/residual9/conv2/batch_normalization/scale
train.py 2019-01-11 10:27:19	darknet/residual9/conv2/batch_normalization/shift
train.py 2019-01-11 10:27:19	darknet/residual9/conv2/batch_normalization/moving_mean
train.py 2019-01-11 10:27:19	darknet/residual9/conv2/batch_normalization/moving_var
train.py 2019-01-11 10:27:19	darknet/residual10/conv1/weight
train.py 2019-01-11 10:27:19	darknet/residual10/conv1/batch_normalization/scale
train.py 2019-01-11 10:27:19	darknet/residual10/conv1/batch_normalization/shift
train.py 2019-01-11 10:27:19	darknet/residual10/conv1/batch_normalization/moving_mean
train.py 2019-01-11 10:27:19	darknet/residual10/conv1/batch_normalization/moving_var
train.py 2019-01-11 10:27:19	darknet/residual10/conv2/weight
train.py 2019-01-11 10:27:19	darknet/residual10/conv2/batch_normalization/scale
train.py 2019-01-11 10:27:19	darknet/residual10/conv2/batch_normalization/shift
train.py 2019-01-11 10:27:19	darknet/residual10/conv2/batch_normalization/moving_mean
train.py 2019-01-11 10:27:19	darknet/residual10/conv2/batch_normalization/moving_var
train.py 2019-01-11 10:27:19	darknet/conv26/weight
train.py 2019-01-11 10:27:19	darknet/conv26/batch_normalization/scale
train.py 2019-01-11 10:27:19	darknet/conv26/batch_normalization/shift
train.py 2019-01-11 10:27:19	darknet/conv26/batch_normalization/moving_mean
train.py 2019-01-11 10:27:19	darknet/conv26/batch_normalization/moving_var
train.py 2019-01-11 10:27:19	darknet/residual11/conv1/weight
train.py 2019-01-11 10:27:19	darknet/residual11/conv1/batch_normalization/scale
train.py 2019-01-11 10:27:19	darknet/residual11/conv1/batch_normalization/shift
train.py 2019-01-11 10:27:19	darknet/residual11/conv1/batch_normalization/moving_mean
train.py 2019-01-11 10:27:19	darknet/residual11/conv1/batch_normalization/moving_var
train.py 2019-01-11 10:27:19	darknet/residual11/conv2/weight
train.py 2019-01-11 10:27:19	darknet/residual11/conv2/batch_normalization/scale
train.py 2019-01-11 10:27:19	darknet/residual11/conv2/batch_normalization/shift
train.py 2019-01-11 10:27:19	darknet/residual11/conv2/batch_normalization/moving_mean
train.py 2019-01-11 10:27:19	darknet/residual11/conv2/batch_normalization/moving_var
train.py 2019-01-11 10:27:19	darknet/residual12/conv1/weight
train.py 2019-01-11 10:27:19	darknet/residual12/conv1/batch_normalization/scale
train.py 2019-01-11 10:27:19	darknet/residual12/conv1/batch_normalization/shift
train.py 2019-01-11 10:27:19	darknet/residual12/conv1/batch_normalization/moving_mean
train.py 2019-01-11 10:27:19	darknet/residual12/conv1/batch_normalization/moving_var
train.py 2019-01-11 10:27:19	darknet/residual12/conv2/weight
train.py 2019-01-11 10:27:19	darknet/residual12/conv2/batch_normalization/scale
train.py 2019-01-11 10:27:19	darknet/residual12/conv2/batch_normalization/shift
train.py 2019-01-11 10:27:19	darknet/residual12/conv2/batch_normalization/moving_mean
train.py 2019-01-11 10:27:19	darknet/residual12/conv2/batch_normalization/moving_var
train.py 2019-01-11 10:27:19	darknet/residual13/conv1/weight
train.py 2019-01-11 10:27:19	darknet/residual13/conv1/batch_normalization/scale
train.py 2019-01-11 10:27:19	darknet/residual13/conv1/batch_normalization/shift
train.py 2019-01-11 10:27:19	darknet/residual13/conv1/batch_normalization/moving_mean
train.py 2019-01-11 10:27:19	darknet/residual13/conv1/batch_normalization/moving_var
train.py 2019-01-11 10:27:19	darknet/residual13/conv2/weight
train.py 2019-01-11 10:27:19	darknet/residual13/conv2/batch_normalization/scale
train.py 2019-01-11 10:27:19	darknet/residual13/conv2/batch_normalization/shift
train.py 2019-01-11 10:27:19	darknet/residual13/conv2/batch_normalization/moving_mean
train.py 2019-01-11 10:27:19	darknet/residual13/conv2/batch_normalization/moving_var
train.py 2019-01-11 10:27:19	darknet/residual14/conv1/weight
train.py 2019-01-11 10:27:19	darknet/residual14/conv1/batch_normalization/scale
train.py 2019-01-11 10:27:19	darknet/residual14/conv1/batch_normalization/shift
train.py 2019-01-11 10:27:19	darknet/residual14/conv1/batch_normalization/moving_mean
train.py 2019-01-11 10:27:19	darknet/residual14/conv1/batch_normalization/moving_var
train.py 2019-01-11 10:27:19	darknet/residual14/conv2/weight
train.py 2019-01-11 10:27:19	darknet/residual14/conv2/batch_normalization/scale
train.py 2019-01-11 10:27:19	darknet/residual14/conv2/batch_normalization/shift
train.py 2019-01-11 10:27:19	darknet/residual14/conv2/batch_normalization/moving_mean
train.py 2019-01-11 10:27:19	darknet/residual14/conv2/batch_normalization/moving_var
train.py 2019-01-11 10:27:19	darknet/residual15/conv1/weight
train.py 2019-01-11 10:27:19	darknet/residual15/conv1/batch_normalization/scale
train.py 2019-01-11 10:27:19	darknet/residual15/conv1/batch_normalization/shift
train.py 2019-01-11 10:27:19	darknet/residual15/conv1/batch_normalization/moving_mean
train.py 2019-01-11 10:27:19	darknet/residual15/conv1/batch_normalization/moving_var
train.py 2019-01-11 10:27:19	darknet/residual15/conv2/weight
train.py 2019-01-11 10:27:19	darknet/residual15/conv2/batch_normalization/scale
train.py 2019-01-11 10:27:19	darknet/residual15/conv2/batch_normalization/shift
train.py 2019-01-11 10:27:19	darknet/residual15/conv2/batch_normalization/moving_mean
train.py 2019-01-11 10:27:19	darknet/residual15/conv2/batch_normalization/moving_var
train.py 2019-01-11 10:27:19	darknet/residual16/conv1/weight
train.py 2019-01-11 10:27:19	darknet/residual16/conv1/batch_normalization/scale
train.py 2019-01-11 10:27:19	darknet/residual16/conv1/batch_normalization/shift
train.py 2019-01-11 10:27:19	darknet/residual16/conv1/batch_normalization/moving_mean
train.py 2019-01-11 10:27:19	darknet/residual16/conv1/batch_normalization/moving_var
train.py 2019-01-11 10:27:19	darknet/residual16/conv2/weight
train.py 2019-01-11 10:27:19	darknet/residual16/conv2/batch_normalization/scale
train.py 2019-01-11 10:27:19	darknet/residual16/conv2/batch_normalization/shift
train.py 2019-01-11 10:27:19	darknet/residual16/conv2/batch_normalization/moving_mean
train.py 2019-01-11 10:27:19	darknet/residual16/conv2/batch_normalization/moving_var
train.py 2019-01-11 10:27:19	darknet/residual17/conv1/weight
train.py 2019-01-11 10:27:19	darknet/residual17/conv1/batch_normalization/scale
train.py 2019-01-11 10:27:19	darknet/residual17/conv1/batch_normalization/shift
train.py 2019-01-11 10:27:19	darknet/residual17/conv1/batch_normalization/moving_mean
train.py 2019-01-11 10:27:19	darknet/residual17/conv1/batch_normalization/moving_var
train.py 2019-01-11 10:27:19	darknet/residual17/conv2/weight
train.py 2019-01-11 10:27:19	darknet/residual17/conv2/batch_normalization/scale
train.py 2019-01-11 10:27:19	darknet/residual17/conv2/batch_normalization/shift
train.py 2019-01-11 10:27:19	darknet/residual17/conv2/batch_normalization/moving_mean
train.py 2019-01-11 10:27:19	darknet/residual17/conv2/batch_normalization/moving_var
train.py 2019-01-11 10:27:19	darknet/residual18/conv1/weight
train.py 2019-01-11 10:27:19	darknet/residual18/conv1/batch_normalization/scale
train.py 2019-01-11 10:27:19	darknet/residual18/conv1/batch_normalization/shift
train.py 2019-01-11 10:27:19	darknet/residual18/conv1/batch_normalization/moving_mean
train.py 2019-01-11 10:27:19	darknet/residual18/conv1/batch_normalization/moving_var
train.py 2019-01-11 10:27:19	darknet/residual18/conv2/weight
train.py 2019-01-11 10:27:19	darknet/residual18/conv2/batch_normalization/scale
train.py 2019-01-11 10:27:19	darknet/residual18/conv2/batch_normalization/shift
train.py 2019-01-11 10:27:19	darknet/residual18/conv2/batch_normalization/moving_mean
train.py 2019-01-11 10:27:19	darknet/residual18/conv2/batch_normalization/moving_var
train.py 2019-01-11 10:27:19	darknet/conv43/weight
train.py 2019-01-11 10:27:19	darknet/conv43/batch_normalization/scale
train.py 2019-01-11 10:27:19	darknet/conv43/batch_normalization/shift
train.py 2019-01-11 10:27:19	darknet/conv43/batch_normalization/moving_mean
train.py 2019-01-11 10:27:19	darknet/conv43/batch_normalization/moving_var
train.py 2019-01-11 10:27:19	darknet/residual19/conv1/weight
train.py 2019-01-11 10:27:19	darknet/residual19/conv1/batch_normalization/scale
train.py 2019-01-11 10:27:19	darknet/residual19/conv1/batch_normalization/shift
train.py 2019-01-11 10:27:19	darknet/residual19/conv1/batch_normalization/moving_mean
train.py 2019-01-11 10:27:19	darknet/residual19/conv1/batch_normalization/moving_var
train.py 2019-01-11 10:27:19	darknet/residual19/conv2/weight
train.py 2019-01-11 10:27:19	darknet/residual19/conv2/batch_normalization/scale
train.py 2019-01-11 10:27:19	darknet/residual19/conv2/batch_normalization/shift
train.py 2019-01-11 10:27:19	darknet/residual19/conv2/batch_normalization/moving_mean
train.py 2019-01-11 10:27:19	darknet/residual19/conv2/batch_normalization/moving_var
train.py 2019-01-11 10:27:19	darknet/residual20/conv1/weight
train.py 2019-01-11 10:27:19	darknet/residual20/conv1/batch_normalization/scale
train.py 2019-01-11 10:27:19	darknet/residual20/conv1/batch_normalization/shift
train.py 2019-01-11 10:27:19	darknet/residual20/conv1/batch_normalization/moving_mean
train.py 2019-01-11 10:27:19	darknet/residual20/conv1/batch_normalization/moving_var
train.py 2019-01-11 10:27:19	darknet/residual20/conv2/weight
train.py 2019-01-11 10:27:19	darknet/residual20/conv2/batch_normalization/scale
train.py 2019-01-11 10:27:19	darknet/residual20/conv2/batch_normalization/shift
train.py 2019-01-11 10:27:19	darknet/residual20/conv2/batch_normalization/moving_mean
train.py 2019-01-11 10:27:19	darknet/residual20/conv2/batch_normalization/moving_var
train.py 2019-01-11 10:27:19	darknet/residual21/conv1/weight
train.py 2019-01-11 10:27:19	darknet/residual21/conv1/batch_normalization/scale
train.py 2019-01-11 10:27:19	darknet/residual21/conv1/batch_normalization/shift
train.py 2019-01-11 10:27:19	darknet/residual21/conv1/batch_normalization/moving_mean
train.py 2019-01-11 10:27:19	darknet/residual21/conv1/batch_normalization/moving_var
train.py 2019-01-11 10:27:19	darknet/residual21/conv2/weight
train.py 2019-01-11 10:27:19	darknet/residual21/conv2/batch_normalization/scale
train.py 2019-01-11 10:27:19	darknet/residual21/conv2/batch_normalization/shift
train.py 2019-01-11 10:27:19	darknet/residual21/conv2/batch_normalization/moving_mean
train.py 2019-01-11 10:27:19	darknet/residual21/conv2/batch_normalization/moving_var
train.py 2019-01-11 10:27:19	darknet/residual22/conv1/weight
train.py 2019-01-11 10:27:19	darknet/residual22/conv1/batch_normalization/scale
train.py 2019-01-11 10:27:19	darknet/residual22/conv1/batch_normalization/shift
train.py 2019-01-11 10:27:19	darknet/residual22/conv1/batch_normalization/moving_mean
train.py 2019-01-11 10:27:19	darknet/residual22/conv1/batch_normalization/moving_var
train.py 2019-01-11 10:27:19	darknet/residual22/conv2/weight
train.py 2019-01-11 10:27:19	darknet/residual22/conv2/batch_normalization/scale
train.py 2019-01-11 10:27:19	darknet/residual22/conv2/batch_normalization/shift
train.py 2019-01-11 10:27:19	darknet/residual22/conv2/batch_normalization/moving_mean
train.py 2019-01-11 10:27:19	darknet/residual22/conv2/batch_normalization/moving_var
train.py 2019-01-11 10:27:19	conv52/weight
train.py 2019-01-11 10:27:19	conv52/batch_normalization/scale
train.py 2019-01-11 10:27:19	conv52/batch_normalization/shift
train.py 2019-01-11 10:27:19	conv52/batch_normalization/moving_mean
train.py 2019-01-11 10:27:19	conv52/batch_normalization/moving_var
train.py 2019-01-11 10:27:19	conv53/weight
train.py 2019-01-11 10:27:19	conv53/batch_normalization/scale
train.py 2019-01-11 10:27:19	conv53/batch_normalization/shift
train.py 2019-01-11 10:27:19	conv53/batch_normalization/moving_mean
train.py 2019-01-11 10:27:19	conv53/batch_normalization/moving_var
train.py 2019-01-11 10:27:19	conv54/weight
train.py 2019-01-11 10:27:19	conv54/batch_normalization/scale
train.py 2019-01-11 10:27:19	conv54/batch_normalization/shift
train.py 2019-01-11 10:27:19	conv54/batch_normalization/moving_mean
train.py 2019-01-11 10:27:19	conv54/batch_normalization/moving_var
train.py 2019-01-11 10:27:19	conv55/weight
train.py 2019-01-11 10:27:19	conv55/batch_normalization/scale
train.py 2019-01-11 10:27:19	conv55/batch_normalization/shift
train.py 2019-01-11 10:27:19	conv55/batch_normalization/moving_mean
train.py 2019-01-11 10:27:19	conv55/batch_normalization/moving_var
train.py 2019-01-11 10:27:19	conv56/weight
train.py 2019-01-11 10:27:19	conv56/batch_normalization/scale
train.py 2019-01-11 10:27:19	conv56/batch_normalization/shift
train.py 2019-01-11 10:27:19	conv56/batch_normalization/moving_mean
train.py 2019-01-11 10:27:19	conv56/batch_normalization/moving_var
train.py 2019-01-11 10:27:19	conv_lobj_branch/weight
train.py 2019-01-11 10:27:19	conv_lobj_branch/batch_normalization/scale
train.py 2019-01-11 10:27:19	conv_lobj_branch/batch_normalization/shift
train.py 2019-01-11 10:27:19	conv_lobj_branch/batch_normalization/moving_mean
train.py 2019-01-11 10:27:19	conv_lobj_branch/batch_normalization/moving_var
train.py 2019-01-11 10:27:19	conv_lbbox/weight
train.py 2019-01-11 10:27:19	conv_lbbox/bias
train.py 2019-01-11 10:27:19	conv57/weight
train.py 2019-01-11 10:27:19	conv57/batch_normalization/scale
train.py 2019-01-11 10:27:19	conv57/batch_normalization/shift
train.py 2019-01-11 10:27:19	conv57/batch_normalization/moving_mean
train.py 2019-01-11 10:27:19	conv57/batch_normalization/moving_var
train.py 2019-01-11 10:27:19	conv58/weight
train.py 2019-01-11 10:27:19	conv58/batch_normalization/scale
train.py 2019-01-11 10:27:19	conv58/batch_normalization/shift
train.py 2019-01-11 10:27:19	conv58/batch_normalization/moving_mean
train.py 2019-01-11 10:27:19	conv58/batch_normalization/moving_var
train.py 2019-01-11 10:27:19	conv59/weight
train.py 2019-01-11 10:27:19	conv59/batch_normalization/scale
train.py 2019-01-11 10:27:19	conv59/batch_normalization/shift
train.py 2019-01-11 10:27:19	conv59/batch_normalization/moving_mean
train.py 2019-01-11 10:27:19	conv59/batch_normalization/moving_var
train.py 2019-01-11 10:27:19	conv60/weight
train.py 2019-01-11 10:27:19	conv60/batch_normalization/scale
train.py 2019-01-11 10:27:19	conv60/batch_normalization/shift
train.py 2019-01-11 10:27:19	conv60/batch_normalization/moving_mean
train.py 2019-01-11 10:27:19	conv60/batch_normalization/moving_var
train.py 2019-01-11 10:27:19	conv61/weight
train.py 2019-01-11 10:27:19	conv61/batch_normalization/scale
train.py 2019-01-11 10:27:19	conv61/batch_normalization/shift
train.py 2019-01-11 10:27:19	conv61/batch_normalization/moving_mean
train.py 2019-01-11 10:27:19	conv61/batch_normalization/moving_var
train.py 2019-01-11 10:27:19	conv62/weight
train.py 2019-01-11 10:27:19	conv62/batch_normalization/scale
train.py 2019-01-11 10:27:19	conv62/batch_normalization/shift
train.py 2019-01-11 10:27:19	conv62/batch_normalization/moving_mean
train.py 2019-01-11 10:27:19	conv62/batch_normalization/moving_var
train.py 2019-01-11 10:27:19	conv_mobj_branch/weight
train.py 2019-01-11 10:27:19	conv_mobj_branch/batch_normalization/scale
train.py 2019-01-11 10:27:19	conv_mobj_branch/batch_normalization/shift
train.py 2019-01-11 10:27:19	conv_mobj_branch/batch_normalization/moving_mean
train.py 2019-01-11 10:27:19	conv_mobj_branch/batch_normalization/moving_var
train.py 2019-01-11 10:27:19	conv_mbbox/weight
train.py 2019-01-11 10:27:19	conv_mbbox/bias
train.py 2019-01-11 10:27:19	conv63/weight
train.py 2019-01-11 10:27:19	conv63/batch_normalization/scale
train.py 2019-01-11 10:27:19	conv63/batch_normalization/shift
train.py 2019-01-11 10:27:19	conv63/batch_normalization/moving_mean
train.py 2019-01-11 10:27:19	conv63/batch_normalization/moving_var
train.py 2019-01-11 10:27:19	conv64/weight
train.py 2019-01-11 10:27:19	conv64/batch_normalization/scale
train.py 2019-01-11 10:27:19	conv64/batch_normalization/shift
train.py 2019-01-11 10:27:19	conv64/batch_normalization/moving_mean
train.py 2019-01-11 10:27:19	conv64/batch_normalization/moving_var
train.py 2019-01-11 10:27:19	conv65/weight
train.py 2019-01-11 10:27:19	conv65/batch_normalization/scale
train.py 2019-01-11 10:27:19	conv65/batch_normalization/shift
train.py 2019-01-11 10:27:19	conv65/batch_normalization/moving_mean
train.py 2019-01-11 10:27:19	conv65/batch_normalization/moving_var
train.py 2019-01-11 10:27:19	conv66/weight
train.py 2019-01-11 10:27:19	conv66/batch_normalization/scale
train.py 2019-01-11 10:27:19	conv66/batch_normalization/shift
train.py 2019-01-11 10:27:19	conv66/batch_normalization/moving_mean
train.py 2019-01-11 10:27:19	conv66/batch_normalization/moving_var
train.py 2019-01-11 10:27:19	conv67/weight
train.py 2019-01-11 10:27:19	conv67/batch_normalization/scale
train.py 2019-01-11 10:27:19	conv67/batch_normalization/shift
train.py 2019-01-11 10:27:19	conv67/batch_normalization/moving_mean
train.py 2019-01-11 10:27:19	conv67/batch_normalization/moving_var
train.py 2019-01-11 10:27:19	conv68/weight
train.py 2019-01-11 10:27:19	conv68/batch_normalization/scale
train.py 2019-01-11 10:27:19	conv68/batch_normalization/shift
train.py 2019-01-11 10:27:19	conv68/batch_normalization/moving_mean
train.py 2019-01-11 10:27:19	conv68/batch_normalization/moving_var
train.py 2019-01-11 10:27:19	conv_sobj_branch/weight
train.py 2019-01-11 10:27:19	conv_sobj_branch/batch_normalization/scale
train.py 2019-01-11 10:27:19	conv_sobj_branch/batch_normalization/shift
train.py 2019-01-11 10:27:19	conv_sobj_branch/batch_normalization/moving_mean
train.py 2019-01-11 10:27:19	conv_sobj_branch/batch_normalization/moving_var
train.py 2019-01-11 10:27:19	conv_sbbox/weight
train.py 2019-01-11 10:27:19	conv_sbbox/bias
train.py 2019-01-11 10:27:32	Default trian step0 is freeze the weight of darknet
train.py 2019-01-11 10:27:32		conv_lbbox/weight                                 (1, 1, 1024, 75)
train.py 2019-01-11 10:27:32		conv_lbbox/bias                                   (75,)
train.py 2019-01-11 10:27:32		conv_mbbox/weight                                 (1, 1, 512, 75)
train.py 2019-01-11 10:27:32		conv_mbbox/bias                                   (75,)
train.py 2019-01-11 10:27:32		conv_sbbox/weight                                 (1, 1, 256, 75)
train.py 2019-01-11 10:27:32		conv_sbbox/bias                                   (75,)
train.py 2019-01-11 10:27:39	Restoring weights from:	 weights/yolo_coco_initial.ckpt
tf_logging.py 2019-01-11 10:27:39	Restoring parameters from weights/yolo_coco_initial.ckpt
train.py 2019-01-11 10:28:55	Period:	0	step:	50	train loss:	53.1403
train.py 2019-01-11 10:30:04	Period:	0	step:	101	train loss:	6.7305
train.py 2019-01-11 10:31:13	Period:	0	step:	152	train loss:	5.8860
train.py 2019-01-11 10:32:22	Period:	0	step:	203	train loss:	5.3730
train.py 2019-01-11 10:33:31	Period:	0	step:	254	train loss:	5.0182
train.py 2019-01-11 10:34:40	Period:	0	step:	305	train loss:	5.0533
train.py 2019-01-11 10:35:49	Period:	0	step:	356	train loss:	4.6205
train.py 2019-01-11 10:36:57	Period:	0	step:	407	train loss:	4.6134
train.py 2019-01-11 10:38:06	Period:	0	step:	458	train loss:	4.4447
train.py 2019-01-11 10:39:14	Period:	0	step:	509	train loss:	4.4084
train.py 2019-01-11 10:42:17	Period:	0	test loss:	4.4047
train.py 2019-01-11 10:42:20	Saved model:	weights/yolo.ckpt-0-4.4047
train.py 2019-01-11 10:43:29	Period:	1	step:	50	train loss:	4.2574
train.py 2019-01-11 10:44:31	Period:	1	step:	101	train loss:	4.3607
train.py 2019-01-11 10:45:33	Period:	1	step:	152	train loss:	4.3425
train.py 2019-01-11 10:46:35	Period:	1	step:	203	train loss:	4.3791
train.py 2019-01-11 10:47:37	Period:	1	step:	254	train loss:	4.0069
train.py 2019-01-11 10:48:40	Period:	1	step:	305	train loss:	4.2292
train.py 2019-01-11 10:49:42	Period:	1	step:	356	train loss:	3.9911
train.py 2019-01-11 10:50:44	Period:	1	step:	407	train loss:	3.8545
train.py 2019-01-11 10:51:46	Period:	1	step:	458	train loss:	3.9097
train.py 2019-01-11 10:52:48	Period:	1	step:	509	train loss:	3.9905
train.py 2019-01-11 10:55:14	Period:	1	test loss:	3.9953
train.py 2019-01-11 10:55:18	Saved model:	weights/yolo.ckpt-1-3.9953
train.py 2019-01-11 10:56:04	Period:	2	step:	50	train loss:	4.0113
train.py 2019-01-11 10:56:50	Period:	2	step:	101	train loss:	3.8185
train.py 2019-01-11 10:57:36	Period:	2	step:	152	train loss:	3.8575
train.py 2019-01-11 10:58:23	Period:	2	step:	203	train loss:	3.8749
train.py 2019-01-11 10:59:09	Period:	2	step:	254	train loss:	3.8391
train.py 2019-01-11 10:59:55	Period:	2	step:	305	train loss:	3.8419
train.py 2019-01-11 11:00:41	Period:	2	step:	356	train loss:	3.8032
train.py 2019-01-11 11:01:27	Period:	2	step:	407	train loss:	3.6958
train.py 2019-01-11 11:02:13	Period:	2	step:	458	train loss:	3.6736
train.py 2019-01-11 11:02:59	Period:	2	step:	509	train loss:	3.8747
train.py 2019-01-11 11:05:19	Period:	2	test loss:	3.7942
train.py 2019-01-11 11:05:21	Saved model:	weights/yolo.ckpt-2-3.7942
train.py 2019-01-11 11:06:08	Period:	3	step:	50	train loss:	3.7310
train.py 2019-01-11 11:06:53	Period:	3	step:	101	train loss:	3.5657
train.py 2019-01-11 11:07:40	Period:	3	step:	152	train loss:	3.7557
train.py 2019-01-11 11:08:26	Period:	3	step:	203	train loss:	3.6940
train.py 2019-01-11 11:09:12	Period:	3	step:	254	train loss:	3.6541
train.py 2019-01-11 11:09:58	Period:	3	step:	305	train loss:	3.7684
